<?xml version="1.0" encoding="UTF-8"?>
<!-- Generated by org.testng.reporters.JUnitReportReporter -->
<testsuite skipped="0" hostname="Fiaz-PC" name="apidemospackage.mixed" tests="2" failures="0" timestamp="2019-11-28T11:33:15 PKT" time="22.626" errors="0">
  <testcase name="tc_two" time="0.002" classname="apidemospackage.mixed"/>
  <testcase name="tc_one" time="22.624" classname="apidemospackage.mixed"/>
</testsuite> <!-- apidemospackage.mixed -->
